mode: set
forgeflow-api/handler/base.go:14.88,15.43 1 1
forgeflow-api/handler/base.go:15.43,22.3 2 1
forgeflow-api/handler/base.go:24.2,24.54 1 1
forgeflow-api/handler/base.go:24.54,31.3 2 1
forgeflow-api/handler/base.go:33.2,35.3 1 1
forgeflow-api/handler/base.go:38.68,39.54 1 1
forgeflow-api/handler/base.go:39.54,46.3 2 1
forgeflow-api/handler/base.go:47.2,47.12 1 1
forgeflow-api/handler/base.go:50.59,54.2 1 1
forgeflow-api/handler/base.go:56.63,61.2 2 1
forgeflow-api/handler/base.go:63.71,67.2 1 0
forgeflow-api/handler/base.go:69.72,73.2 1 1
forgeflow-api/handler/base.go:75.66,79.2 1 0
forgeflow-api/handler/base.go:81.101,83.15 2 1
forgeflow-api/handler/base.go:83.15,86.3 2 1
forgeflow-api/handler/base.go:87.2,88.16 2 1
forgeflow-api/handler/base.go:88.16,91.3 2 1
forgeflow-api/handler/base.go:92.2,92.20 1 1
forgeflow-api/handler/base.go:95.81,97.47 2 1
forgeflow-api/handler/base.go:97.47,99.3 1 1
forgeflow-api/handler/base.go:100.2,101.19 2 1
forgeflow-api/handler/connexion_handler.go:18.146,23.2 1 1
forgeflow-api/handler/connexion_handler.go:25.63,27.16 2 1
forgeflow-api/handler/connexion_handler.go:27.16,29.3 1 1
forgeflow-api/handler/connexion_handler.go:31.2,33.16 3 1
forgeflow-api/handler/connexion_handler.go:33.16,35.3 1 1
forgeflow-api/handler/connexion_handler.go:37.2,38.16 2 1
forgeflow-api/handler/connexion_handler.go:38.16,40.3 1 1
forgeflow-api/handler/connexion_handler.go:42.2,43.16 2 1
forgeflow-api/handler/connexion_handler.go:43.16,45.3 1 1
forgeflow-api/handler/connexion_handler.go:47.2,47.54 1 1
forgeflow-api/handler/connexion_handler.go:50.63,52.16 2 1
forgeflow-api/handler/connexion_handler.go:52.16,54.3 1 1
forgeflow-api/handler/connexion_handler.go:56.2,57.16 2 1
forgeflow-api/handler/connexion_handler.go:57.16,59.3 1 1
forgeflow-api/handler/connexion_handler.go:61.2,63.4 1 1
forgeflow-api/handler/endpoint_handler.go:17.92,21.2 1 1
forgeflow-api/handler/endpoint_handler.go:23.59,25.16 2 1
forgeflow-api/handler/endpoint_handler.go:25.16,27.3 1 1
forgeflow-api/handler/endpoint_handler.go:29.2,30.16 2 1
forgeflow-api/handler/endpoint_handler.go:30.16,32.3 1 1
forgeflow-api/handler/endpoint_handler.go:34.2,35.16 2 1
forgeflow-api/handler/endpoint_handler.go:35.16,37.3 1 1
forgeflow-api/handler/endpoint_handler.go:39.2,39.46 1 1
forgeflow-api/handler/endpoint_handler.go:42.61,44.16 2 1
forgeflow-api/handler/endpoint_handler.go:44.16,46.3 1 1
forgeflow-api/handler/endpoint_handler.go:48.2,50.16 3 1
forgeflow-api/handler/endpoint_handler.go:50.16,52.3 1 1
forgeflow-api/handler/endpoint_handler.go:54.2,55.16 2 1
forgeflow-api/handler/endpoint_handler.go:55.16,57.3 1 1
forgeflow-api/handler/endpoint_handler.go:59.2,61.4 1 1
forgeflow-api/handler/endpoint_handler.go:64.62,66.16 2 1
forgeflow-api/handler/endpoint_handler.go:66.16,68.3 1 1
forgeflow-api/handler/endpoint_handler.go:70.2,71.16 2 1
forgeflow-api/handler/endpoint_handler.go:71.16,73.3 1 1
forgeflow-api/handler/endpoint_handler.go:75.2,76.16 2 1
forgeflow-api/handler/endpoint_handler.go:76.16,78.3 1 1
forgeflow-api/handler/endpoint_handler.go:79.2,79.48 1 1
forgeflow-api/handler/endpoint_handler.go:82.61,84.16 2 1
forgeflow-api/handler/endpoint_handler.go:84.16,86.3 1 1
forgeflow-api/handler/endpoint_handler.go:88.2,90.16 3 1
forgeflow-api/handler/endpoint_handler.go:90.16,92.3 1 1
forgeflow-api/handler/endpoint_handler.go:94.2,95.16 2 1
forgeflow-api/handler/endpoint_handler.go:95.16,97.3 1 1
forgeflow-api/handler/endpoint_handler.go:99.2,100.16 2 1
forgeflow-api/handler/endpoint_handler.go:100.16,102.3 1 1
forgeflow-api/handler/endpoint_handler.go:104.2,106.4 1 1
forgeflow-api/handler/organization_handler.go:17.108,21.2 1 1
forgeflow-api/handler/organization_handler.go:23.67,25.16 2 1
forgeflow-api/handler/organization_handler.go:25.16,27.3 1 1
forgeflow-api/handler/organization_handler.go:29.2,30.16 2 1
forgeflow-api/handler/organization_handler.go:30.16,32.3 1 1
forgeflow-api/handler/organization_handler.go:34.2,35.16 2 1
forgeflow-api/handler/organization_handler.go:35.16,37.3 1 1
forgeflow-api/handler/organization_handler.go:39.2,39.46 1 1
forgeflow-api/handler/organization_handler.go:42.70,44.16 2 1
forgeflow-api/handler/organization_handler.go:44.16,46.3 1 1
forgeflow-api/handler/organization_handler.go:48.2,49.16 2 1
forgeflow-api/handler/organization_handler.go:49.16,51.3 1 1
forgeflow-api/handler/organization_handler.go:53.2,54.16 2 1
forgeflow-api/handler/organization_handler.go:54.16,56.3 1 1
forgeflow-api/handler/organization_handler.go:58.2,58.52 1 1
forgeflow-api/handler/organization_handler.go:61.69,63.16 2 1
forgeflow-api/handler/organization_handler.go:63.16,65.3 1 1
forgeflow-api/handler/organization_handler.go:67.2,69.16 3 1
forgeflow-api/handler/organization_handler.go:69.16,71.3 1 1
forgeflow-api/handler/organization_handler.go:73.2,74.16 2 1
forgeflow-api/handler/organization_handler.go:74.16,76.3 1 1
forgeflow-api/handler/organization_handler.go:78.2,80.4 1 1
forgeflow-api/handler/organization_handler.go:83.69,85.16 2 1
forgeflow-api/handler/organization_handler.go:85.16,87.3 1 1
forgeflow-api/handler/organization_handler.go:89.2,91.16 3 1
forgeflow-api/handler/organization_handler.go:91.16,93.3 1 1
forgeflow-api/handler/organization_handler.go:95.2,96.16 2 1
forgeflow-api/handler/organization_handler.go:96.16,98.3 1 1
forgeflow-api/handler/organization_handler.go:100.2,101.16 2 1
forgeflow-api/handler/organization_handler.go:101.16,103.3 1 1
forgeflow-api/handler/organization_handler.go:105.2,107.4 1 1
forgeflow-api/handler/organization_handler.go:110.71,112.16 2 1
forgeflow-api/handler/organization_handler.go:112.16,114.3 1 1
forgeflow-api/handler/organization_handler.go:116.2,117.16 2 1
forgeflow-api/handler/organization_handler.go:117.16,119.3 1 1
forgeflow-api/handler/organization_handler.go:121.2,122.16 2 1
forgeflow-api/handler/organization_handler.go:122.16,124.3 1 1
forgeflow-api/handler/organization_handler.go:126.2,128.4 1 1
forgeflow-api/handler/step_handler.go:17.76,21.2 1 1
forgeflow-api/handler/step_handler.go:23.54,25.16 2 1
forgeflow-api/handler/step_handler.go:25.16,27.3 1 1
forgeflow-api/handler/step_handler.go:29.2,30.16 2 1
forgeflow-api/handler/step_handler.go:30.16,32.3 1 1
forgeflow-api/handler/step_handler.go:34.2,35.16 2 1
forgeflow-api/handler/step_handler.go:35.16,37.3 1 1
forgeflow-api/handler/step_handler.go:38.2,38.44 1 1
forgeflow-api/handler/step_handler.go:41.53,43.16 2 1
forgeflow-api/handler/step_handler.go:43.16,45.3 1 1
forgeflow-api/handler/step_handler.go:47.2,49.16 3 1
forgeflow-api/handler/step_handler.go:49.16,51.3 1 1
forgeflow-api/handler/step_handler.go:53.2,54.16 2 1
forgeflow-api/handler/step_handler.go:54.16,56.3 1 1
forgeflow-api/handler/step_handler.go:58.2,59.16 2 1
forgeflow-api/handler/step_handler.go:59.16,61.3 1 1
forgeflow-api/handler/step_handler.go:63.2,65.4 1 1
forgeflow-api/handler/user_handler.go:15.76,19.2 1 1
forgeflow-api/handler/user_handler.go:21.50,23.16 2 1
forgeflow-api/handler/user_handler.go:23.16,25.3 1 1
forgeflow-api/handler/user_handler.go:27.2,28.16 2 1
forgeflow-api/handler/user_handler.go:28.16,30.3 1 1
forgeflow-api/handler/user_handler.go:32.2,32.46 1 1
forgeflow-api/handler/webhook_clerk_handler.go:23.201,29.2 1 1
forgeflow-api/handler/webhook_clerk_handler.go:31.57,36.25 3 1
forgeflow-api/handler/webhook_clerk_handler.go:37.22,39.64 2 1
forgeflow-api/handler/webhook_clerk_handler.go:39.64,41.4 1 1
forgeflow-api/handler/webhook_clerk_handler.go:43.3,43.46 1 1
forgeflow-api/handler/webhook_clerk_handler.go:43.46,45.4 1 1
forgeflow-api/handler/webhook_clerk_handler.go:47.3,47.47 1 1
forgeflow-api/handler/webhook_clerk_handler.go:47.47,49.4 1 1
forgeflow-api/handler/webhook_clerk_handler.go:51.3,51.43 1 1
forgeflow-api/handler/webhook_clerk_handler.go:53.22,55.64 2 1
forgeflow-api/handler/webhook_clerk_handler.go:55.64,57.4 1 1
forgeflow-api/handler/webhook_clerk_handler.go:59.3,59.46 1 1
forgeflow-api/handler/webhook_clerk_handler.go:59.46,61.4 1 1
forgeflow-api/handler/webhook_clerk_handler.go:63.3,63.47 1 1
forgeflow-api/handler/webhook_clerk_handler.go:63.47,65.4 1 1
forgeflow-api/handler/webhook_clerk_handler.go:67.3,67.45 1 1
forgeflow-api/handler/webhook_clerk_handler.go:69.22,71.64 2 1
forgeflow-api/handler/webhook_clerk_handler.go:71.64,73.4 1 1
forgeflow-api/handler/webhook_clerk_handler.go:75.3,75.46 1 1
forgeflow-api/handler/webhook_clerk_handler.go:75.46,77.4 1 1
forgeflow-api/handler/webhook_clerk_handler.go:79.3,79.47 1 1
forgeflow-api/handler/webhook_clerk_handler.go:79.47,81.4 1 1
forgeflow-api/handler/webhook_clerk_handler.go:83.3,83.45 1 1
forgeflow-api/handler/webhook_clerk_handler.go:85.10,87.38 2 1
forgeflow-api/handler/webhook_clerk_handler.go:91.88,93.16 2 1
forgeflow-api/handler/webhook_clerk_handler.go:93.16,96.3 2 1
forgeflow-api/handler/webhook_clerk_handler.go:98.2,98.17 1 1
forgeflow-api/handler/webhook_clerk_handler.go:98.17,101.3 2 1
forgeflow-api/handler/webhook_clerk_handler.go:103.2,104.16 2 1
forgeflow-api/handler/webhook_clerk_handler.go:104.16,107.3 2 1
forgeflow-api/handler/webhook_clerk_handler.go:109.2,110.16 2 1
forgeflow-api/handler/webhook_clerk_handler.go:110.16,113.3 2 1
forgeflow-api/handler/webhook_clerk_handler.go:115.2,116.16 2 1
forgeflow-api/handler/webhook_clerk_handler.go:116.16,119.3 2 1
forgeflow-api/handler/webhook_clerk_handler.go:121.2,122.54 2 1
forgeflow-api/handler/webhook_clerk_handler.go:122.54,125.3 2 1
forgeflow-api/handler/webhook_clerk_handler.go:127.2,128.12 2 1
forgeflow-api/handler/webhook_clerk_handler.go:131.88,133.16 2 1
forgeflow-api/handler/webhook_clerk_handler.go:133.16,136.3 2 1
forgeflow-api/handler/webhook_clerk_handler.go:138.2,138.17 1 1
forgeflow-api/handler/webhook_clerk_handler.go:138.17,141.3 2 1
forgeflow-api/handler/webhook_clerk_handler.go:143.2,143.106 1 1
forgeflow-api/handler/webhook_clerk_handler.go:143.106,146.3 2 1
forgeflow-api/handler/webhook_clerk_handler.go:148.2,149.12 2 1
forgeflow-api/handler/webhook_clerk_handler.go:152.88,153.61 1 1
forgeflow-api/handler/webhook_clerk_handler.go:153.61,156.3 2 1
forgeflow-api/handler/webhook_clerk_handler.go:158.2,159.12 2 1
forgeflow-api/handler/workflow_handler.go:18.134,23.2 1 1
forgeflow-api/handler/workflow_handler.go:25.59,27.16 2 1
forgeflow-api/handler/workflow_handler.go:27.16,29.3 1 1
forgeflow-api/handler/workflow_handler.go:31.2,32.16 2 1
forgeflow-api/handler/workflow_handler.go:32.16,34.3 1 1
forgeflow-api/handler/workflow_handler.go:36.2,37.16 2 1
forgeflow-api/handler/workflow_handler.go:37.16,39.3 1 1
forgeflow-api/handler/workflow_handler.go:41.2,41.46 1 1
forgeflow-api/handler/workflow_handler.go:44.61,46.16 2 1
forgeflow-api/handler/workflow_handler.go:46.16,48.3 1 1
forgeflow-api/handler/workflow_handler.go:50.2,52.16 3 1
forgeflow-api/handler/workflow_handler.go:52.16,54.3 1 1
forgeflow-api/handler/workflow_handler.go:56.2,57.16 2 1
forgeflow-api/handler/workflow_handler.go:57.16,59.3 1 1
forgeflow-api/handler/workflow_handler.go:61.2,63.4 1 1
forgeflow-api/handler/workflow_handler.go:66.62,68.16 2 1
forgeflow-api/handler/workflow_handler.go:68.16,70.3 1 1
forgeflow-api/handler/workflow_handler.go:72.2,73.16 2 1
forgeflow-api/handler/workflow_handler.go:73.16,75.3 1 1
forgeflow-api/handler/workflow_handler.go:77.2,78.16 2 1
forgeflow-api/handler/workflow_handler.go:78.16,80.3 1 1
forgeflow-api/handler/workflow_handler.go:81.2,81.48 1 1
forgeflow-api/handler/workflow_handler.go:84.61,86.16 2 1
forgeflow-api/handler/workflow_handler.go:86.16,88.3 1 1
forgeflow-api/handler/workflow_handler.go:90.2,92.16 3 1
forgeflow-api/handler/workflow_handler.go:92.16,94.3 1 1
forgeflow-api/handler/workflow_handler.go:96.2,97.16 2 1
forgeflow-api/handler/workflow_handler.go:97.16,99.3 1 0
forgeflow-api/handler/workflow_handler.go:101.2,102.16 2 1
forgeflow-api/handler/workflow_handler.go:102.16,104.3 1 1
forgeflow-api/handler/workflow_handler.go:106.2,108.4 1 1
forgeflow-api/handler/workflow_handler.go:111.66,113.16 2 1
forgeflow-api/handler/workflow_handler.go:113.16,115.3 1 1
forgeflow-api/handler/workflow_handler.go:117.2,119.16 3 1
forgeflow-api/handler/workflow_handler.go:119.16,121.3 1 1
forgeflow-api/handler/workflow_handler.go:123.2,124.16 2 1
forgeflow-api/handler/workflow_handler.go:124.16,126.3 1 0
forgeflow-api/handler/workflow_handler.go:128.2,129.16 2 1
forgeflow-api/handler/workflow_handler.go:129.16,131.3 1 1
forgeflow-api/handler/workflow_handler.go:133.2,133.88 1 1
forgeflow-api/handler/workflow_handler.go:133.88,135.3 1 1
forgeflow-api/handler/workflow_handler.go:137.2,139.4 1 1
